[2019-12-25T13:58:44.677] [DEBUG] cheese - login => username:admin,password:123456
[2019-12-25T13:58:44.693] [DEBUG] cheese - admin
[2019-12-25T13:58:44.880] [DEBUG] cheese - null
[2019-12-25T13:58:44.881] [DEBUG] cheese - null
[2019-12-31T11:55:56.109] [DEBUG] cheese - login => username:1111,password:125
[2019-12-31T11:55:56.112] [DEBUG] cheese - 1111
[2019-12-31T11:55:56.595] [DEBUG] cheese - null
[2019-12-31T11:55:56.596] [DEBUG] cheese - null
[2019-12-31T11:56:24.083] [DEBUG] cheese - login => username:admin,password:123456
[2019-12-31T11:56:24.083] [DEBUG] cheese - admin
[2019-12-31T11:56:24.090] [DEBUG] cheese - null
[2019-12-31T11:56:24.090] [DEBUG] cheese - null
[2019-12-31T11:57:00.786] [DEBUG] cheese - login => username:admin,password:123456
[2019-12-31T11:57:00.786] [DEBUG] cheese - admin
[2019-12-31T11:57:00.790] [DEBUG] cheese - null
[2019-12-31T11:57:00.790] [DEBUG] cheese - null
[2019-12-31T12:02:46.971] [DEBUG] cheese - login => username:admin,password:123456
[2019-12-31T12:02:46.971] [DEBUG] cheese - admin
[2019-12-31T12:02:46.979] [DEBUG] cheese - null
[2019-12-31T12:02:46.980] [DEBUG] cheese - null
[2019-12-31T12:02:49.863] [DEBUG] cheese - login => username:admin,password:123456
[2019-12-31T12:02:49.863] [DEBUG] cheese - admin
[2019-12-31T12:02:49.871] [DEBUG] cheese - null
[2019-12-31T12:02:49.871] [DEBUG] cheese - null
[2019-12-31T12:09:30.359] [DEBUG] cheese - login => username:admin,password:123456
[2019-12-31T12:09:30.360] [DEBUG] cheese - admin
[2019-12-31T12:09:30.363] [DEBUG] cheese - null
[2019-12-31T12:09:30.363] [DEBUG] cheese - null
[2019-12-31T12:10:00.590] [DEBUG] cheese - login => username:admin,password:123456
[2019-12-31T12:10:00.590] [DEBUG] cheese - admin
[2019-12-31T12:10:00.600] [DEBUG] cheese - null
[2019-12-31T12:10:00.600] [DEBUG] cheese - null
[2019-12-31T12:11:00.893] [DEBUG] cheese - login => username:admin,password:123456
[2019-12-31T12:11:00.893] [DEBUG] cheese - admin
[2019-12-31T12:11:00.896] [DEBUG] cheese - null
[2019-12-31T12:11:00.896] [DEBUG] cheese - null
[2019-12-31T12:24:04.479] [DEBUG] cheese - login => username:admin,password:123456
[2019-12-31T12:24:04.479] [DEBUG] cheese - admin
[2019-12-31T12:24:04.483] [DEBUG] cheese - null
[2019-12-31T12:24:04.483] [DEBUG] cheese - null
[2019-12-31T12:24:10.004] [DEBUG] cheese - login => username:admin,password:123456
[2019-12-31T12:24:10.004] [DEBUG] cheese - admin
[2019-12-31T12:24:10.008] [DEBUG] cheese - null
[2019-12-31T12:24:10.008] [DEBUG] cheese - null
[2019-12-31T12:24:11.828] [DEBUG] cheese - login => username:admin,password:123456
[2019-12-31T12:24:11.829] [DEBUG] cheese - admin
[2019-12-31T12:24:11.833] [DEBUG] cheese - null
[2019-12-31T12:24:11.833] [DEBUG] cheese - null
[2019-12-31T12:24:11.986] [DEBUG] cheese - login => username:admin,password:123456
[2019-12-31T12:24:11.987] [DEBUG] cheese - admin
[2019-12-31T12:24:11.992] [DEBUG] cheese - null
[2019-12-31T12:24:11.992] [DEBUG] cheese - null
[2019-12-31T12:24:12.152] [DEBUG] cheese - login => username:admin,password:123456
[2019-12-31T12:24:12.152] [DEBUG] cheese - admin
[2019-12-31T12:24:12.158] [DEBUG] cheese - null
[2019-12-31T12:24:12.159] [DEBUG] cheese - null
[2019-12-31T12:24:12.314] [DEBUG] cheese - login => username:admin,password:123456
[2019-12-31T12:24:12.314] [DEBUG] cheese - admin
[2019-12-31T12:24:12.320] [DEBUG] cheese - null
[2019-12-31T12:24:12.320] [DEBUG] cheese - null
[2019-12-31T12:24:12.471] [DEBUG] cheese - login => username:admin,password:123456
[2019-12-31T12:24:12.471] [DEBUG] cheese - admin
[2019-12-31T12:24:12.477] [DEBUG] cheese - null
[2019-12-31T12:24:12.477] [DEBUG] cheese - null
[2019-12-31T12:24:12.620] [DEBUG] cheese - login => username:admin,password:123456
[2019-12-31T12:24:12.620] [DEBUG] cheese - admin
[2019-12-31T12:24:12.625] [DEBUG] cheese - null
[2019-12-31T12:24:12.625] [DEBUG] cheese - null
[2019-12-31T12:24:12.774] [DEBUG] cheese - login => username:admin,password:123456
[2019-12-31T12:24:12.774] [DEBUG] cheese - admin
[2019-12-31T12:24:12.782] [DEBUG] cheese - null
[2019-12-31T12:24:12.782] [DEBUG] cheese - null
[2019-12-31T12:24:50.632] [DEBUG] cheese - login => username:admin,password:123456
[2019-12-31T12:24:50.632] [DEBUG] cheese - admin
[2019-12-31T12:24:50.635] [DEBUG] cheese - null
[2019-12-31T12:24:50.635] [DEBUG] cheese - null
[2019-12-31T12:26:16.447] [DEBUG] cheese - login => username:admin,password:123456
[2019-12-31T12:26:16.448] [DEBUG] cheese - admin
[2019-12-31T12:26:16.454] [DEBUG] cheese - null
[2019-12-31T12:26:16.454] [DEBUG] cheese - null
[2019-12-31T12:27:43.784] [DEBUG] cheese - login => username:admin,password:123456
[2019-12-31T12:27:43.784] [DEBUG] cheese - admin
[2019-12-31T12:27:43.788] [DEBUG] cheese - null
[2019-12-31T12:27:43.788] [DEBUG] cheese - null
[2019-12-31T16:50:00.098] [DEBUG] cheese - login => username:admin,password:123456
[2019-12-31T16:50:00.114] [DEBUG] cheese - admin
[2019-12-31T16:50:00.876] [DEBUG] cheese - null
[2019-12-31T16:50:00.876] [DEBUG] cheese - null
[2019-12-31T17:54:54.423] [DEBUG] cheese - login => username:admin,password:123456
[2019-12-31T17:54:54.423] [DEBUG] cheese - admin
[2019-12-31T17:54:54.477] [DEBUG] cheese - null
[2019-12-31T17:54:54.478] [DEBUG] cheese - null
[2019-12-31T17:56:13.534] [DEBUG] cheese - login => username:admin,password:123456
[2019-12-31T17:56:13.580] [DEBUG] cheese - admin
[2019-12-31T17:56:13.672] [DEBUG] cheese - null
[2019-12-31T17:56:13.672] [DEBUG] cheese - null
[2019-12-31T17:56:18.935] [DEBUG] cheese - login => username:admin,password:123456
[2019-12-31T17:56:18.935] [DEBUG] cheese - admin
[2019-12-31T17:56:18.938] [DEBUG] cheese - null
[2019-12-31T17:56:18.938] [DEBUG] cheese - null
[2019-12-31T17:56:29.211] [DEBUG] cheese - login => username:admin,password:123456
[2019-12-31T17:56:29.211] [DEBUG] cheese - admin
[2019-12-31T17:56:29.291] [DEBUG] cheese - null
[2019-12-31T17:56:29.291] [DEBUG] cheese - null
[2019-12-31T19:59:10.109] [DEBUG] cheese - login => username:admin,password:123456
[2019-12-31T19:59:10.109] [DEBUG] cheese - admin
[2019-12-31T19:59:10.141] [DEBUG] cheese - null
[2019-12-31T19:59:10.142] [DEBUG] cheese - null
[2019-12-31T20:05:54.845] [DEBUG] cheese - login => username:admin,password:123456
[2019-12-31T20:05:54.845] [DEBUG] cheese - admin
[2019-12-31T20:05:54.851] [DEBUG] cheese - null
[2019-12-31T20:05:54.851] [DEBUG] cheese - null
[2019-12-31T21:18:22.601] [DEBUG] cheese - login => username:admin,password:123456
[2019-12-31T21:18:22.601] [DEBUG] cheese - admin
[2019-12-31T21:18:22.667] [DEBUG] cheese - null
[2019-12-31T21:18:22.667] [DEBUG] cheese - null
[2019-12-31T21:18:26.421] [DEBUG] cheese - login => username:admin,password:123456
[2019-12-31T21:18:26.421] [DEBUG] cheese - admin
[2019-12-31T21:18:26.424] [DEBUG] cheese - null
[2019-12-31T21:18:26.424] [DEBUG] cheese - null
[2019-12-31T21:18:27.784] [DEBUG] cheese - login => username:admin,password:123456
[2019-12-31T21:18:27.784] [DEBUG] cheese - admin
[2019-12-31T21:18:27.787] [DEBUG] cheese - null
[2019-12-31T21:18:27.787] [DEBUG] cheese - null
[2019-12-31T21:18:27.935] [DEBUG] cheese - login => username:admin,password:123456
[2019-12-31T21:18:27.935] [DEBUG] cheese - admin
[2019-12-31T21:18:27.938] [DEBUG] cheese - null
[2019-12-31T21:18:27.938] [DEBUG] cheese - null
[2019-12-31T21:18:28.085] [DEBUG] cheese - login => username:admin,password:123456
[2019-12-31T21:18:28.085] [DEBUG] cheese - admin
[2019-12-31T21:18:28.087] [DEBUG] cheese - null
[2019-12-31T21:18:28.088] [DEBUG] cheese - null
[2019-12-31T21:18:28.246] [DEBUG] cheese - login => username:admin,password:123456
[2019-12-31T21:18:28.246] [DEBUG] cheese - admin
[2019-12-31T21:18:28.249] [DEBUG] cheese - null
[2019-12-31T21:18:28.249] [DEBUG] cheese - null
[2019-12-31T21:18:28.400] [DEBUG] cheese - login => username:admin,password:123456
[2019-12-31T21:18:28.400] [DEBUG] cheese - admin
[2019-12-31T21:18:28.413] [DEBUG] cheese - null
[2019-12-31T21:18:28.414] [DEBUG] cheese - null
[2019-12-31T21:18:28.555] [DEBUG] cheese - login => username:admin,password:123456
[2019-12-31T21:18:28.555] [DEBUG] cheese - admin
[2019-12-31T21:18:28.563] [DEBUG] cheese - null
[2019-12-31T21:18:28.563] [DEBUG] cheese - null
[2019-12-31T21:18:28.709] [DEBUG] cheese - login => username:admin,password:123456
[2019-12-31T21:18:28.710] [DEBUG] cheese - admin
[2019-12-31T21:18:28.713] [DEBUG] cheese - null
[2019-12-31T21:18:28.713] [DEBUG] cheese - null
[2019-12-31T21:19:10.834] [DEBUG] cheese - login => username:admin,password:123456
[2019-12-31T21:19:10.834] [DEBUG] cheese - admin
[2019-12-31T21:19:10.841] [DEBUG] cheese - null
[2019-12-31T21:19:10.841] [DEBUG] cheese - null
[2019-12-31T21:19:18.756] [DEBUG] cheese - login => username:admin,password:123456
[2019-12-31T21:19:18.756] [DEBUG] cheese - admin
[2019-12-31T21:19:18.759] [DEBUG] cheese - null
[2019-12-31T21:19:18.759] [DEBUG] cheese - null
[2019-12-31T21:19:49.935] [DEBUG] cheese - login => username:admin,password:123456
[2019-12-31T21:19:49.935] [DEBUG] cheese - admin
[2019-12-31T21:19:49.941] [DEBUG] cheese - null
[2019-12-31T21:19:49.941] [DEBUG] cheese - null
[2019-12-31T21:24:42.620] [DEBUG] cheese - login => username:admin,password:123456
[2019-12-31T21:24:42.620] [DEBUG] cheese - admin
[2019-12-31T21:24:42.626] [DEBUG] cheese - null
[2019-12-31T21:24:42.626] [DEBUG] cheese - null
[2019-12-31T22:39:09.071] [DEBUG] cheese - login => username:admin,password:123456
[2019-12-31T22:39:09.072] [DEBUG] cheese - admin
[2019-12-31T22:39:09.090] [DEBUG] cheese - null
[2019-12-31T22:39:09.090] [DEBUG] cheese - null
[2020-01-01T11:23:47.133] [DEBUG] cheese - login => username:admin,password:123456
[2020-01-01T11:23:47.137] [DEBUG] cheese - admin
[2020-01-01T11:23:47.285] [DEBUG] cheese - null
[2020-01-01T11:23:47.286] [DEBUG] cheese - null
[2020-01-01T11:37:08.833] [DEBUG] cheese - login => username:admin,password:123456
[2020-01-01T11:37:08.833] [DEBUG] cheese - admin
[2020-01-01T11:37:08.840] [DEBUG] cheese - null
[2020-01-01T11:37:08.841] [DEBUG] cheese - null
[2020-01-01T12:13:34.538] [DEBUG] cheese - login => username:admin,password:123456
[2020-01-01T12:13:34.538] [DEBUG] cheese - admin
[2020-01-01T12:13:34.543] [DEBUG] cheese - null
[2020-01-01T12:13:34.543] [DEBUG] cheese - null
[2020-01-01T15:19:52.309] [DEBUG] cheese - login => username:admin,password:123456
[2020-01-01T15:19:52.309] [DEBUG] cheese - admin
[2020-01-01T15:19:52.312] [DEBUG] cheese - null
[2020-01-01T15:19:52.312] [DEBUG] cheese - null
[2020-01-01T21:22:44.734] [DEBUG] cheese - login => username:admin,password:123456
[2020-01-01T21:22:44.745] [DEBUG] cheese - admin
[2020-01-01T21:22:44.751] [DEBUG] cheese - null
[2020-01-01T21:22:44.752] [DEBUG] cheese - null
[2020-01-02T09:17:58.689] [DEBUG] cheese - login => username:admin,password:123456
[2020-01-02T09:17:58.694] [DEBUG] cheese - admin
[2020-01-02T09:17:59.172] [DEBUG] cheese - null
[2020-01-02T09:17:59.173] [DEBUG] cheese - null
[2020-01-02T11:34:30.571] [DEBUG] cheese - null
[2020-01-02T11:35:33.704] [DEBUG] cheese - null
[2020-01-02T11:35:44.788] [DEBUG] cheese - null
[2020-01-02T11:35:52.287] [DEBUG] cheese - null
[2020-01-02T11:36:19.229] [DEBUG] cheese - null
[2020-01-02T20:28:25.738] [DEBUG] cheese - login => username:admin,password:123456
[2020-01-02T20:28:25.740] [DEBUG] cheese - admin
[2020-01-02T20:28:25.750] [DEBUG] cheese - null
[2020-01-02T20:28:25.750] [DEBUG] cheese - null
[2020-01-03T09:54:45.743] [DEBUG] cheese - login => username:admin,password:123456
[2020-01-03T09:54:45.746] [DEBUG] cheese - admin
[2020-01-03T09:54:45.922] [DEBUG] cheese - null
[2020-01-03T09:54:45.923] [DEBUG] cheese - null
[2020-01-03T12:20:53.467] [DEBUG] cheese - login => username:admin,password:123456
[2020-01-03T12:20:53.467] [DEBUG] cheese - admin
[2020-01-03T12:20:53.497] [DEBUG] cheese - null
[2020-01-03T12:20:53.498] [DEBUG] cheese - null
[2020-01-04T09:07:04.578] [DEBUG] cheese - login => username:admin,password:123456
[2020-01-04T09:07:04.578] [DEBUG] cheese - admin
[2020-01-04T09:07:04.581] [DEBUG] cheese - null
[2020-01-04T09:07:04.581] [DEBUG] cheese - null
[2020-01-04T09:29:03.995] [DEBUG] cheese - login => username:admin,password:123456
[2020-01-04T09:29:03.996] [DEBUG] cheese - admin
[2020-01-04T09:29:04.016] [DEBUG] cheese - null
[2020-01-04T09:29:04.016] [DEBUG] cheese - null
[2020-01-04T09:46:07.799] [DEBUG] cheese - login => username:admin,password:123456
[2020-01-04T09:46:07.799] [DEBUG] cheese - admin
[2020-01-04T09:46:07.804] [DEBUG] cheese - null
[2020-01-04T09:46:07.804] [DEBUG] cheese - null
[2020-01-04T09:47:47.555] [DEBUG] cheese - login => username:test,password:123456
[2020-01-04T09:47:47.555] [DEBUG] cheese - test
[2020-01-04T09:47:47.557] [DEBUG] cheese - null
[2020-01-04T09:47:47.558] [DEBUG] cheese - null
[2020-01-04T09:49:43.624] [DEBUG] cheese - login => username:admin,password:123456
[2020-01-04T09:49:43.626] [DEBUG] cheese - admin
[2020-01-04T09:49:43.640] [DEBUG] cheese - null
[2020-01-04T09:49:43.640] [DEBUG] cheese - null
[2020-01-05T18:37:17.804] [DEBUG] cheese - login => username:admin,password:123456
[2020-01-05T18:37:17.809] [DEBUG] cheese - admin
[2020-01-05T18:37:18.039] [DEBUG] cheese - null
[2020-01-05T18:37:18.041] [DEBUG] cheese - null
[2020-01-05T20:47:23.472] [DEBUG] cheese - null
[2020-01-05T20:53:19.438] [DEBUG] cheese - null
[2020-01-05T21:01:11.843] [DEBUG] cheese - login => username:admin,password:123456
[2020-01-05T21:01:11.843] [DEBUG] cheese - admin
[2020-01-05T21:01:11.846] [DEBUG] cheese - null
[2020-01-05T21:01:11.846] [DEBUG] cheese - null
[2020-01-06T11:25:50.573] [DEBUG] cheese - login => username:admin,password:123456
[2020-01-06T11:25:50.573] [DEBUG] cheese - admin
[2020-01-06T11:25:50.597] [DEBUG] cheese - null
[2020-01-06T11:25:50.597] [DEBUG] cheese - null
[2020-01-06T14:36:31.239] [DEBUG] cheese - login => username:admin,password:123456
[2020-01-06T14:36:31.333] [DEBUG] cheese - admin
[2020-01-06T14:36:32.139] [DEBUG] cheese - login => username:admin,password:123456
[2020-01-06T14:36:32.139] [DEBUG] cheese - admin
[2020-01-06T14:36:32.183] [DEBUG] cheese - login => username:admin,password:123456
[2020-01-06T14:36:32.183] [DEBUG] cheese - admin
[2020-01-06T14:36:32.715] [DEBUG] cheese - login => username:admin,password:123456
[2020-01-06T14:36:32.715] [DEBUG] cheese - admin
[2020-01-06T14:36:32.735] [DEBUG] cheese - login => username:admin,password:123456
[2020-01-06T14:36:32.735] [DEBUG] cheese - admin
[2020-01-06T14:36:32.756] [DEBUG] cheese - login => username:admin,password:123456
[2020-01-06T14:36:32.756] [DEBUG] cheese - admin
[2020-01-06T14:36:33.962] [DEBUG] cheese - login => username:admin,password:123456
[2020-01-06T14:36:33.962] [DEBUG] cheese - admin
[2020-01-06T14:36:37.609] [DEBUG] cheese - null
[2020-01-06T14:36:37.611] [DEBUG] cheese - null
[2020-01-06T14:36:38.924] [DEBUG] cheese - null
[2020-01-06T14:36:38.924] [DEBUG] cheese - null
[2020-01-06T14:36:39.290] [DEBUG] cheese - null
[2020-01-06T14:36:39.290] [DEBUG] cheese - null
[2020-01-06T14:36:39.452] [DEBUG] cheese - null
[2020-01-06T14:36:39.452] [DEBUG] cheese - null
[2020-01-06T14:36:39.600] [DEBUG] cheese - null
[2020-01-06T14:36:39.601] [DEBUG] cheese - null
[2020-01-06T14:36:39.742] [DEBUG] cheese - null
[2020-01-06T14:36:39.742] [DEBUG] cheese - null
[2020-01-06T14:36:39.871] [DEBUG] cheese - null
[2020-01-06T14:36:39.871] [DEBUG] cheese - null
[2020-01-06T14:36:42.401] [DEBUG] cheese - login => username:admin,password:123456
[2020-01-06T14:36:42.401] [DEBUG] cheese - admin
[2020-01-06T14:36:42.406] [DEBUG] cheese - null
[2020-01-06T14:36:42.406] [DEBUG] cheese - null
[2020-01-06T14:36:42.637] [DEBUG] cheese - login => username:admin,password:123456
[2020-01-06T14:36:42.637] [DEBUG] cheese - admin
[2020-01-06T14:36:42.934] [DEBUG] cheese - null
[2020-01-06T14:36:42.934] [DEBUG] cheese - null
[2020-01-06T14:37:32.296] [DEBUG] cheese - login => username:admin,password:123456
[2020-01-06T14:37:32.296] [DEBUG] cheese - admin
[2020-01-06T14:37:32.305] [DEBUG] cheese - null
[2020-01-06T14:37:32.305] [DEBUG] cheese - null
[2020-01-06T14:37:53.698] [DEBUG] cheese - login => username:admin,password:123456
[2020-01-06T14:37:53.698] [DEBUG] cheese - admin
[2020-01-06T14:37:53.708] [DEBUG] cheese - null
[2020-01-06T14:37:53.708] [DEBUG] cheese - null
[2020-01-06T14:46:42.777] [DEBUG] cheese - login => username:admin,password:123456
[2020-01-06T14:46:42.778] [DEBUG] cheese - admin
[2020-01-06T14:46:42.781] [DEBUG] cheese - null
[2020-01-06T14:46:42.781] [DEBUG] cheese - null
[2020-01-06T15:33:59.820] [DEBUG] cheese - login => username:admin,password:123456
[2020-01-06T15:33:59.824] [DEBUG] cheese - admin
[2020-01-06T15:33:59.875] [DEBUG] cheese - null
[2020-01-06T15:33:59.876] [DEBUG] cheese - null
[2020-01-06T15:38:49.298] [DEBUG] cheese - login => username:admin,password:123456
[2020-01-06T15:38:49.298] [DEBUG] cheese - admin
[2020-01-06T15:38:49.325] [DEBUG] cheese - null
[2020-01-06T15:38:49.326] [DEBUG] cheese - null
[2020-01-06T16:00:01.157] [DEBUG] cheese - login => username:admin,password:123456
[2020-01-06T16:00:01.157] [DEBUG] cheese - admin
[2020-01-06T16:00:01.169] [DEBUG] cheese - null
[2020-01-06T16:00:01.169] [DEBUG] cheese - null
[2020-01-06T16:02:33.716] [DEBUG] cheese - login => username:admin,password:123456
[2020-01-06T16:02:33.716] [DEBUG] cheese - admin
[2020-01-06T16:02:33.724] [DEBUG] cheese - null
[2020-01-06T16:02:33.724] [DEBUG] cheese - null
[2020-01-06T16:49:56.109] [DEBUG] cheese - login => username:admin,password:123456
[2020-01-06T16:49:56.110] [DEBUG] cheese - admin
[2020-01-06T16:49:56.152] [DEBUG] cheese - null
[2020-01-06T16:49:56.152] [DEBUG] cheese - null
[2020-01-06T17:05:31.851] [DEBUG] cheese - login => username:admin,password:123456
[2020-01-06T17:05:31.852] [DEBUG] cheese - admin
[2020-01-06T17:05:31.864] [DEBUG] cheese - null
[2020-01-06T17:05:31.864] [DEBUG] cheese - null
[2020-01-06T20:03:22.953] [DEBUG] cheese - login => username:admin,password:123456
[2020-01-06T20:03:22.956] [DEBUG] cheese - admin
[2020-01-06T20:03:23.188] [DEBUG] cheese - null
[2020-01-06T20:03:23.189] [DEBUG] cheese - null
[2020-01-06T20:11:40.300] [DEBUG] cheese - login => username:admin,password:123456
[2020-01-06T20:11:40.302] [DEBUG] cheese - admin
[2020-01-06T20:11:40.323] [DEBUG] cheese - null
[2020-01-06T20:11:40.324] [DEBUG] cheese - null
[2020-01-09T13:53:35.570] [DEBUG] cheese - login => username:admin,password:123456
[2020-01-09T13:53:35.573] [DEBUG] cheese - admin
[2020-01-09T13:53:35.613] [DEBUG] cheese - { Error: ER_NO_SUCH_TABLE: Table 'test1.sp_manager' doesn't exist
    at Query.Sequence._packetToError (C:\Users\Administrator\Desktop\shop-demo\vue_api_server\node_modules\mysql\lib\protocol\sequences\Sequence.js:47:14)
    at Query.ErrorPacket (C:\Users\Administrator\Desktop\shop-demo\vue_api_server\node_modules\mysql\lib\protocol\sequences\Query.js:77:18)
    at Protocol._parsePacket (C:\Users\Administrator\Desktop\shop-demo\vue_api_server\node_modules\mysql\lib\protocol\Protocol.js:291:23)
    at Parser._parsePacket (C:\Users\Administrator\Desktop\shop-demo\vue_api_server\node_modules\mysql\lib\protocol\Parser.js:433:10)
    at Parser.write (C:\Users\Administrator\Desktop\shop-demo\vue_api_server\node_modules\mysql\lib\protocol\Parser.js:43:10)
    at Protocol.write (C:\Users\Administrator\Desktop\shop-demo\vue_api_server\node_modules\mysql\lib\protocol\Protocol.js:38:16)
    at Socket.<anonymous> (C:\Users\Administrator\Desktop\shop-demo\vue_api_server\node_modules\mysql\lib\Connection.js:91:28)
    at Socket.<anonymous> (C:\Users\Administrator\Desktop\shop-demo\vue_api_server\node_modules\mysql\lib\Connection.js:525:10)
    at Socket.emit (events.js:189:13)
    at addChunk (_stream_readable.js:284:12)
    at readableAddChunk (_stream_readable.js:265:11)
    at Socket.Readable.push (_stream_readable.js:220:10)
    at TCP.onStreamRead [as onread] (internal/stream_base_commons.js:94:17)
    --------------------
    at Protocol._enqueue (C:\Users\Administrator\Desktop\shop-demo\vue_api_server\node_modules\mysql\lib\protocol\Protocol.js:144:48)
    at PoolConnection.query (C:\Users\Administrator\Desktop\shop-demo\vue_api_server\node_modules\mysql\lib\Connection.js:201:25)
    at C:\Users\Administrator\Desktop\shop-demo\vue_api_server\node_modules\orm\lib\Drivers\DML\mysql.js:231:9
    at Ping.onOperationComplete (C:\Users\Administrator\Desktop\shop-demo\vue_api_server\node_modules\mysql\lib\Pool.js:110:5)
    at Ping.<anonymous> (C:\Users\Administrator\Desktop\shop-demo\vue_api_server\node_modules\mysql\lib\Connection.js:525:10)
    at Ping._callback (C:\Users\Administrator\Desktop\shop-demo\vue_api_server\node_modules\mysql\lib\Connection.js:491:16)
    at Ping.Sequence.end (C:\Users\Administrator\Desktop\shop-demo\vue_api_server\node_modules\mysql\lib\protocol\sequences\Sequence.js:83:24)
    at Ping.Sequence.OkPacket (C:\Users\Administrator\Desktop\shop-demo\vue_api_server\node_modules\mysql\lib\protocol\sequences\Sequence.js:92:8)
    at Protocol._parsePacket (C:\Users\Administrator\Desktop\shop-demo\vue_api_server\node_modules\mysql\lib\protocol\Protocol.js:291:23)
    at Parser._parsePacket (C:\Users\Administrator\Desktop\shop-demo\vue_api_server\node_modules\mysql\lib\protocol\Parser.js:433:10)
    at Parser.write (C:\Users\Administrator\Desktop\shop-demo\vue_api_server\node_modules\mysql\lib\protocol\Parser.js:43:10)
    at Protocol.write (C:\Users\Administrator\Desktop\shop-demo\vue_api_server\node_modules\mysql\lib\protocol\Protocol.js:38:16)
    at Socket.<anonymous> (C:\Users\Administrator\Desktop\shop-demo\vue_api_server\node_modules\mysql\lib\Connection.js:91:28)
    at Socket.<anonymous> (C:\Users\Administrator\Desktop\shop-demo\vue_api_server\node_modules\mysql\lib\Connection.js:525:10)
    at Socket.emit (events.js:189:13)
    at addChunk (_stream_readable.js:284:12)
  code: 'ER_NO_SUCH_TABLE',
  errno: 1146,
  sqlMessage: 'Table \'test1.sp_manager\' doesn\'t exist',
  sqlState: '42S02',
  index: 0,
  sql:
   'SELECT `mg_id`, `mg_name`, `mg_pwd`, `mg_time`, `role_id`, `mg_mobile`, `mg_email`, `mg_state` FROM `sp_manager` WHERE `mg_name` = \'admin\' LIMIT 1' }
[2020-01-09T13:53:35.621] [DEBUG] cheese - 查询失败
[2020-01-09T13:53:44.577] [DEBUG] cheese - login => username:admin,password:123456
[2020-01-09T13:53:44.577] [DEBUG] cheese - admin
[2020-01-09T13:53:44.607] [DEBUG] cheese - { Error: ER_NO_SUCH_TABLE: Table 'test1.sp_manager' doesn't exist
    at Query.Sequence._packetToError (C:\Users\Administrator\Desktop\shop-demo\vue_api_server\node_modules\mysql\lib\protocol\sequences\Sequence.js:47:14)
    at Query.ErrorPacket (C:\Users\Administrator\Desktop\shop-demo\vue_api_server\node_modules\mysql\lib\protocol\sequences\Query.js:77:18)
    at Protocol._parsePacket (C:\Users\Administrator\Desktop\shop-demo\vue_api_server\node_modules\mysql\lib\protocol\Protocol.js:291:23)
    at Parser._parsePacket (C:\Users\Administrator\Desktop\shop-demo\vue_api_server\node_modules\mysql\lib\protocol\Parser.js:433:10)
    at Parser.write (C:\Users\Administrator\Desktop\shop-demo\vue_api_server\node_modules\mysql\lib\protocol\Parser.js:43:10)
    at Protocol.write (C:\Users\Administrator\Desktop\shop-demo\vue_api_server\node_modules\mysql\lib\protocol\Protocol.js:38:16)
    at Socket.<anonymous> (C:\Users\Administrator\Desktop\shop-demo\vue_api_server\node_modules\mysql\lib\Connection.js:91:28)
    at Socket.<anonymous> (C:\Users\Administrator\Desktop\shop-demo\vue_api_server\node_modules\mysql\lib\Connection.js:525:10)
    at Socket.emit (events.js:189:13)
    at addChunk (_stream_readable.js:284:12)
    at readableAddChunk (_stream_readable.js:265:11)
    at Socket.Readable.push (_stream_readable.js:220:10)
    at TCP.onStreamRead [as onread] (internal/stream_base_commons.js:94:17)
    --------------------
    at Protocol._enqueue (C:\Users\Administrator\Desktop\shop-demo\vue_api_server\node_modules\mysql\lib\protocol\Protocol.js:144:48)
    at PoolConnection.query (C:\Users\Administrator\Desktop\shop-demo\vue_api_server\node_modules\mysql\lib\Connection.js:201:25)
    at C:\Users\Administrator\Desktop\shop-demo\vue_api_server\node_modules\orm\lib\Drivers\DML\mysql.js:231:9
    at Ping.onOperationComplete (C:\Users\Administrator\Desktop\shop-demo\vue_api_server\node_modules\mysql\lib\Pool.js:110:5)
    at Ping.<anonymous> (C:\Users\Administrator\Desktop\shop-demo\vue_api_server\node_modules\mysql\lib\Connection.js:525:10)
    at Ping._callback (C:\Users\Administrator\Desktop\shop-demo\vue_api_server\node_modules\mysql\lib\Connection.js:491:16)
    at Ping.Sequence.end (C:\Users\Administrator\Desktop\shop-demo\vue_api_server\node_modules\mysql\lib\protocol\sequences\Sequence.js:83:24)
    at Ping.Sequence.OkPacket (C:\Users\Administrator\Desktop\shop-demo\vue_api_server\node_modules\mysql\lib\protocol\sequences\Sequence.js:92:8)
    at Protocol._parsePacket (C:\Users\Administrator\Desktop\shop-demo\vue_api_server\node_modules\mysql\lib\protocol\Protocol.js:291:23)
    at Parser._parsePacket (C:\Users\Administrator\Desktop\shop-demo\vue_api_server\node_modules\mysql\lib\protocol\Parser.js:433:10)
    at Parser.write (C:\Users\Administrator\Desktop\shop-demo\vue_api_server\node_modules\mysql\lib\protocol\Parser.js:43:10)
    at Protocol.write (C:\Users\Administrator\Desktop\shop-demo\vue_api_server\node_modules\mysql\lib\protocol\Protocol.js:38:16)
    at Socket.<anonymous> (C:\Users\Administrator\Desktop\shop-demo\vue_api_server\node_modules\mysql\lib\Connection.js:91:28)
    at Socket.<anonymous> (C:\Users\Administrator\Desktop\shop-demo\vue_api_server\node_modules\mysql\lib\Connection.js:525:10)
    at Socket.emit (events.js:189:13)
    at addChunk (_stream_readable.js:284:12)
  code: 'ER_NO_SUCH_TABLE',
  errno: 1146,
  sqlMessage: 'Table \'test1.sp_manager\' doesn\'t exist',
  sqlState: '42S02',
  index: 0,
  sql:
   'SELECT `mg_id`, `mg_name`, `mg_pwd`, `mg_time`, `role_id`, `mg_mobile`, `mg_email`, `mg_state` FROM `sp_manager` WHERE `mg_name` = \'admin\' LIMIT 1' }
[2020-01-09T13:53:44.608] [DEBUG] cheese - 查询失败
[2020-01-09T13:54:24.219] [DEBUG] cheese - login => username:admin,password:123456
[2020-01-09T13:54:24.220] [DEBUG] cheese - admin
[2020-01-09T13:54:24.253] [DEBUG] cheese - { Error: ER_NO_SUCH_TABLE: Table 'test1.sp_manager' doesn't exist
    at Query.Sequence._packetToError (C:\Users\Administrator\Desktop\shop-demo\vue_api_server\node_modules\mysql\lib\protocol\sequences\Sequence.js:47:14)
    at Query.ErrorPacket (C:\Users\Administrator\Desktop\shop-demo\vue_api_server\node_modules\mysql\lib\protocol\sequences\Query.js:77:18)
    at Protocol._parsePacket (C:\Users\Administrator\Desktop\shop-demo\vue_api_server\node_modules\mysql\lib\protocol\Protocol.js:291:23)
    at Parser._parsePacket (C:\Users\Administrator\Desktop\shop-demo\vue_api_server\node_modules\mysql\lib\protocol\Parser.js:433:10)
    at Parser.write (C:\Users\Administrator\Desktop\shop-demo\vue_api_server\node_modules\mysql\lib\protocol\Parser.js:43:10)
    at Protocol.write (C:\Users\Administrator\Desktop\shop-demo\vue_api_server\node_modules\mysql\lib\protocol\Protocol.js:38:16)
    at Socket.<anonymous> (C:\Users\Administrator\Desktop\shop-demo\vue_api_server\node_modules\mysql\lib\Connection.js:91:28)
    at Socket.<anonymous> (C:\Users\Administrator\Desktop\shop-demo\vue_api_server\node_modules\mysql\lib\Connection.js:525:10)
    at Socket.emit (events.js:189:13)
    at addChunk (_stream_readable.js:284:12)
    at readableAddChunk (_stream_readable.js:265:11)
    at Socket.Readable.push (_stream_readable.js:220:10)
    at TCP.onStreamRead [as onread] (internal/stream_base_commons.js:94:17)
    --------------------
    at Protocol._enqueue (C:\Users\Administrator\Desktop\shop-demo\vue_api_server\node_modules\mysql\lib\protocol\Protocol.js:144:48)
    at PoolConnection.query (C:\Users\Administrator\Desktop\shop-demo\vue_api_server\node_modules\mysql\lib\Connection.js:201:25)
    at C:\Users\Administrator\Desktop\shop-demo\vue_api_server\node_modules\orm\lib\Drivers\DML\mysql.js:231:9
    at Ping.onOperationComplete (C:\Users\Administrator\Desktop\shop-demo\vue_api_server\node_modules\mysql\lib\Pool.js:110:5)
    at Ping.<anonymous> (C:\Users\Administrator\Desktop\shop-demo\vue_api_server\node_modules\mysql\lib\Connection.js:525:10)
    at Ping._callback (C:\Users\Administrator\Desktop\shop-demo\vue_api_server\node_modules\mysql\lib\Connection.js:491:16)
    at Ping.Sequence.end (C:\Users\Administrator\Desktop\shop-demo\vue_api_server\node_modules\mysql\lib\protocol\sequences\Sequence.js:83:24)
    at Ping.Sequence.OkPacket (C:\Users\Administrator\Desktop\shop-demo\vue_api_server\node_modules\mysql\lib\protocol\sequences\Sequence.js:92:8)
    at Protocol._parsePacket (C:\Users\Administrator\Desktop\shop-demo\vue_api_server\node_modules\mysql\lib\protocol\Protocol.js:291:23)
    at Parser._parsePacket (C:\Users\Administrator\Desktop\shop-demo\vue_api_server\node_modules\mysql\lib\protocol\Parser.js:433:10)
    at Parser.write (C:\Users\Administrator\Desktop\shop-demo\vue_api_server\node_modules\mysql\lib\protocol\Parser.js:43:10)
    at Protocol.write (C:\Users\Administrator\Desktop\shop-demo\vue_api_server\node_modules\mysql\lib\protocol\Protocol.js:38:16)
    at Socket.<anonymous> (C:\Users\Administrator\Desktop\shop-demo\vue_api_server\node_modules\mysql\lib\Connection.js:91:28)
    at Socket.<anonymous> (C:\Users\Administrator\Desktop\shop-demo\vue_api_server\node_modules\mysql\lib\Connection.js:525:10)
    at Socket.emit (events.js:189:13)
    at addChunk (_stream_readable.js:284:12)
  code: 'ER_NO_SUCH_TABLE',
  errno: 1146,
  sqlMessage: 'Table \'test1.sp_manager\' doesn\'t exist',
  sqlState: '42S02',
  index: 0,
  sql:
   'SELECT `mg_id`, `mg_name`, `mg_pwd`, `mg_time`, `role_id`, `mg_mobile`, `mg_email`, `mg_state` FROM `sp_manager` WHERE `mg_name` = \'admin\' LIMIT 1' }
[2020-01-09T13:54:24.253] [DEBUG] cheese - 查询失败
[2020-01-09T13:57:07.885] [DEBUG] cheese - login => username:admin,password:123456
[2020-01-09T13:57:07.885] [DEBUG] cheese - admin
[2020-01-09T13:57:07.934] [DEBUG] cheese - { Error: ER_NO_SUCH_TABLE: Table 'test1.sp_manager' doesn't exist
    at Query.Sequence._packetToError (C:\Users\Administrator\Desktop\shop-demo\vue_api_server\node_modules\mysql\lib\protocol\sequences\Sequence.js:47:14)
    at Query.ErrorPacket (C:\Users\Administrator\Desktop\shop-demo\vue_api_server\node_modules\mysql\lib\protocol\sequences\Query.js:77:18)
    at Protocol._parsePacket (C:\Users\Administrator\Desktop\shop-demo\vue_api_server\node_modules\mysql\lib\protocol\Protocol.js:291:23)
    at Parser._parsePacket (C:\Users\Administrator\Desktop\shop-demo\vue_api_server\node_modules\mysql\lib\protocol\Parser.js:433:10)
    at Parser.write (C:\Users\Administrator\Desktop\shop-demo\vue_api_server\node_modules\mysql\lib\protocol\Parser.js:43:10)
    at Protocol.write (C:\Users\Administrator\Desktop\shop-demo\vue_api_server\node_modules\mysql\lib\protocol\Protocol.js:38:16)
    at Socket.<anonymous> (C:\Users\Administrator\Desktop\shop-demo\vue_api_server\node_modules\mysql\lib\Connection.js:91:28)
    at Socket.<anonymous> (C:\Users\Administrator\Desktop\shop-demo\vue_api_server\node_modules\mysql\lib\Connection.js:525:10)
    at Socket.emit (events.js:189:13)
    at addChunk (_stream_readable.js:284:12)
    at readableAddChunk (_stream_readable.js:265:11)
    at Socket.Readable.push (_stream_readable.js:220:10)
    at TCP.onStreamRead [as onread] (internal/stream_base_commons.js:94:17)
    --------------------
    at Protocol._enqueue (C:\Users\Administrator\Desktop\shop-demo\vue_api_server\node_modules\mysql\lib\protocol\Protocol.js:144:48)
    at PoolConnection.query (C:\Users\Administrator\Desktop\shop-demo\vue_api_server\node_modules\mysql\lib\Connection.js:201:25)
    at C:\Users\Administrator\Desktop\shop-demo\vue_api_server\node_modules\orm\lib\Drivers\DML\mysql.js:231:9
    at Ping.onOperationComplete (C:\Users\Administrator\Desktop\shop-demo\vue_api_server\node_modules\mysql\lib\Pool.js:110:5)
    at Ping.<anonymous> (C:\Users\Administrator\Desktop\shop-demo\vue_api_server\node_modules\mysql\lib\Connection.js:525:10)
    at Ping._callback (C:\Users\Administrator\Desktop\shop-demo\vue_api_server\node_modules\mysql\lib\Connection.js:491:16)
    at Ping.Sequence.end (C:\Users\Administrator\Desktop\shop-demo\vue_api_server\node_modules\mysql\lib\protocol\sequences\Sequence.js:83:24)
    at Ping.Sequence.OkPacket (C:\Users\Administrator\Desktop\shop-demo\vue_api_server\node_modules\mysql\lib\protocol\sequences\Sequence.js:92:8)
    at Protocol._parsePacket (C:\Users\Administrator\Desktop\shop-demo\vue_api_server\node_modules\mysql\lib\protocol\Protocol.js:291:23)
    at Parser._parsePacket (C:\Users\Administrator\Desktop\shop-demo\vue_api_server\node_modules\mysql\lib\protocol\Parser.js:433:10)
    at Parser.write (C:\Users\Administrator\Desktop\shop-demo\vue_api_server\node_modules\mysql\lib\protocol\Parser.js:43:10)
    at Protocol.write (C:\Users\Administrator\Desktop\shop-demo\vue_api_server\node_modules\mysql\lib\protocol\Protocol.js:38:16)
    at Socket.<anonymous> (C:\Users\Administrator\Desktop\shop-demo\vue_api_server\node_modules\mysql\lib\Connection.js:91:28)
    at Socket.<anonymous> (C:\Users\Administrator\Desktop\shop-demo\vue_api_server\node_modules\mysql\lib\Connection.js:525:10)
    at Socket.emit (events.js:189:13)
    at addChunk (_stream_readable.js:284:12)
  code: 'ER_NO_SUCH_TABLE',
  errno: 1146,
  sqlMessage: 'Table \'test1.sp_manager\' doesn\'t exist',
  sqlState: '42S02',
  index: 0,
  sql:
   'SELECT `mg_id`, `mg_name`, `mg_pwd`, `mg_time`, `role_id`, `mg_mobile`, `mg_email`, `mg_state` FROM `sp_manager` WHERE `mg_name` = \'admin\' LIMIT 1' }
[2020-01-09T13:57:07.934] [DEBUG] cheese - 查询失败
[2020-01-09T14:00:19.002] [DEBUG] cheese - login => username:admin,password:123456
[2020-01-09T14:00:19.005] [DEBUG] cheese - admin
[2020-01-09T14:00:19.092] [DEBUG] cheese - null
[2020-01-09T14:00:19.093] [DEBUG] cheese - null
[2020-01-09T14:02:16.968] [DEBUG] cheese - login => username:admin,password:123456
[2020-01-09T14:02:16.968] [DEBUG] cheese - admin
[2020-01-09T14:02:17.017] [DEBUG] cheese - null
[2020-01-09T14:02:17.017] [DEBUG] cheese - null
[2020-01-09T14:02:18.237] [DEBUG] cheese - login => username:admin,password:123456
[2020-01-09T14:02:18.238] [DEBUG] cheese - admin
[2020-01-09T14:02:18.297] [DEBUG] cheese - null
[2020-01-09T14:02:18.297] [DEBUG] cheese - null
[2020-01-09T14:03:01.967] [DEBUG] cheese - login => username:admin,password:123456
[2020-01-09T14:03:01.967] [DEBUG] cheese - admin
[2020-01-09T14:03:01.974] [DEBUG] cheese - null
[2020-01-09T14:03:01.974] [DEBUG] cheese - null
[2020-01-09T14:03:04.414] [DEBUG] cheese - login => username:admin,password:123456
[2020-01-09T14:03:04.414] [DEBUG] cheese - admin
[2020-01-09T14:03:04.418] [DEBUG] cheese - null
[2020-01-09T14:03:04.419] [DEBUG] cheese - null
[2020-01-09T14:03:34.067] [DEBUG] cheese - login => username:admin,password:123456
[2020-01-09T14:03:34.067] [DEBUG] cheese - admin
[2020-01-09T14:03:34.072] [DEBUG] cheese - null
[2020-01-09T14:03:34.072] [DEBUG] cheese - null
[2020-01-09T14:04:06.210] [DEBUG] cheese - login => username:admin,password:123456
[2020-01-09T14:04:06.210] [DEBUG] cheese - admin
[2020-01-09T14:04:06.224] [DEBUG] cheese - null
[2020-01-09T14:04:06.224] [DEBUG] cheese - null
[2020-01-09T14:05:38.771] [DEBUG] cheese - login => username:admin,password:123456
[2020-01-09T14:05:38.771] [DEBUG] cheese - admin
[2020-01-09T14:05:38.775] [DEBUG] cheese - null
[2020-01-09T14:05:38.775] [DEBUG] cheese - null
[2020-01-09T14:14:29.051] [DEBUG] cheese - login => username:admin,password:123456
[2020-01-09T14:14:29.051] [DEBUG] cheese - admin
[2020-01-09T14:14:29.076] [DEBUG] cheese - null
[2020-01-09T14:14:29.076] [DEBUG] cheese - null
[2020-01-09T14:20:04.811] [DEBUG] cheese - login => username:admin,password:123456
[2020-01-09T14:20:04.811] [DEBUG] cheese - admin
[2020-01-09T14:20:04.815] [DEBUG] cheese - null
[2020-01-09T14:20:04.815] [DEBUG] cheese - null
[2020-01-09T14:22:48.852] [DEBUG] cheese - login => username:admin,password:123456
[2020-01-09T14:22:48.853] [DEBUG] cheese - admin
[2020-01-09T14:22:48.865] [DEBUG] cheese - null
[2020-01-09T14:22:48.865] [DEBUG] cheese - null
[2020-01-09T14:23:26.292] [DEBUG] cheese - login => username:admin,password:123456
[2020-01-09T14:23:26.292] [DEBUG] cheese - admin
[2020-01-09T14:23:26.298] [DEBUG] cheese - null
[2020-01-09T14:23:26.298] [DEBUG] cheese - null
[2020-01-09T14:26:11.375] [DEBUG] cheese - login => username:admin,password:123456
[2020-01-09T14:26:11.375] [DEBUG] cheese - admin
[2020-01-09T14:26:11.378] [DEBUG] cheese - null
[2020-01-09T14:26:11.378] [DEBUG] cheese - null
[2020-01-09T14:27:21.296] [DEBUG] cheese - login => username:admin,password:123456
[2020-01-09T14:27:21.296] [DEBUG] cheese - admin
[2020-01-09T14:27:21.299] [DEBUG] cheese - null
[2020-01-09T14:27:21.299] [DEBUG] cheese - null
[2020-01-09T14:43:27.614] [DEBUG] cheese - login => username:admin,password:123456
[2020-01-09T14:43:27.614] [DEBUG] cheese - admin
[2020-01-09T14:43:27.638] [DEBUG] cheese - null
[2020-01-09T14:43:27.638] [DEBUG] cheese - null
[2020-01-09T15:12:51.115] [DEBUG] cheese - login => username:admin,password:123456
[2020-01-09T15:12:51.116] [DEBUG] cheese - admin
[2020-01-09T15:12:51.144] [DEBUG] cheese - null
[2020-01-09T15:12:51.144] [DEBUG] cheese - null
[2020-01-09T15:51:16.641] [DEBUG] cheese - login => username:admin,password:123456
[2020-01-09T15:51:16.641] [DEBUG] cheese - admin
[2020-01-09T15:51:16.698] [DEBUG] cheese - null
[2020-01-09T15:51:16.698] [DEBUG] cheese - null
[2020-01-09T16:20:34.091] [DEBUG] cheese - login => username:admin,password:123456
[2020-01-09T16:20:34.092] [DEBUG] cheese - admin
[2020-01-09T16:20:34.139] [DEBUG] cheese - null
[2020-01-09T16:20:34.140] [DEBUG] cheese - null
[2020-01-09T17:16:27.491] [DEBUG] cheese - login => username:admin,password:123456
[2020-01-09T17:16:27.492] [DEBUG] cheese - admin
[2020-01-09T17:16:27.506] [DEBUG] cheese - null
[2020-01-09T17:16:27.506] [DEBUG] cheese - null
[2020-02-26T21:54:05.911] [DEBUG] cheese - login => username:admin,password:123456
[2020-02-26T21:54:05.929] [DEBUG] cheese - admin
[2020-02-26T21:54:05.951] [DEBUG] cheese - null
[2020-02-26T21:54:05.951] [DEBUG] cheese - null
